-------------------------------------------------------------------------------
Test set: Some of the general functionality verifications
-------------------------------------------------------------------------------
Tests run: 3, Failures: 1, Errors: 0, Skipped: 0, Time elapsed: 58.397 s <<< FAILURE! - in Some of the general functionality verifications
Some of the general functionality verifications.Order placement scenario #2  Time elapsed: 31.339 s  <<< FAILURE!
org.junit.ComparisonFailure: expected:<John [afd]> but was:<John [Doe]>

